<?xml version="1.0" encoding="UTF-8"?>
<!-- Generated by org.testng.reporters.JUnitReportReporter -->
<testsuite hostname="LAPTOP-HPBHNNEU" failures="0" tests="4" name="com.LoginTest" time="8.043" errors="0" timestamp="17 Aug 2022 04:46:59 GMT">
  <testcase classname="com.LoginTest" name="validUserWithInvalidPassword" time="1.728"/>
  <testcase classname="com.LoginTest" name="blankFieldsLogin" time="2.519"/>
  <testcase classname="com.LoginTest" name="invalidUsername" time="1.131"/>
  <testcase classname="com.LoginTest" name="validLogin" time="2.665"/>
</testsuite> <!-- com.LoginTest -->
