<?xml version="1.0" encoding="UTF-8"?>
<!-- Generated by org.testng.reporters.JUnitReportReporter -->
<testsuite hostname="LAPTOP-HPBHNNEU" failures="0" tests="2" name="com.CartTest" time="62.991" errors="0" timestamp="17 Aug 2022 04:46:59 GMT">
  <testcase classname="com.CartTest" name="addToCart" time="7.334"/>
  <testcase classname="com.CartTest" name="cartDelete" time="55.657"/>
</testsuite> <!-- com.CartTest -->
